app/build/intermediates/manifest_merge_blame_file/debug/manifest-merger-blame-debug-report.txt
1<?xml version="1.0" encoding="utf-8"?>
2<manifest xmlns:android="http://schemas.android.com/apk/res/android"
3    package="com.bits.smartassistant"
4    android:versionCode="1"
5    android:versionName="1.0" >
6
7    <uses-sdk
8        android:minSdkVersion="25"
8-->src/main/AndroidManifest.xml
9        android:targetSdkVersion="29" />
9-->src/main/AndroidManifest.xml
10
11    <uses-feature
11-->src/main/AndroidManifest.xml:5:5-7:35
12        android:name="android.hardware.Camera"
12-->src/main/AndroidManifest.xml:6:9-47
13        android:required="true" />
13-->src/main/AndroidManifest.xml:7:9-32
14
15    <uses-permission android:name="android.permission.WRITE_EXTERNAL_STORAGE" />
15-->src/main/AndroidManifest.xml:9:5-81
15-->src/main/AndroidManifest.xml:9:22-78
16    <uses-permission android:name="android.permission.READ_EXTERNAL_STORAGE" />
16-->src/main/AndroidManifest.xml:10:5-80
16-->src/main/AndroidManifest.xml:10:22-77
17
18    <!-- Although the *SdkVersion is captured in gradle build files, this is required for non gradle builds -->
19    <!-- <uses-sdk android:minSdkVersion="14"/> -->
20    <uses-permission android:name="android.permission.ACCESS_NETWORK_STATE" />
20-->[com.google.firebase:firebase-database:20.0.4] AndroidManifest.xml:25:5-79
20-->[com.google.firebase:firebase-database:20.0.4] AndroidManifest.xml:25:22-76
21    <uses-permission android:name="android.permission.INTERNET" />
21-->[com.google.firebase:firebase-database:20.0.4] AndroidManifest.xml:26:5-67
21-->[com.google.firebase:firebase-database:20.0.4] AndroidManifest.xml:26:22-64
22
23    <application
23-->src/main/AndroidManifest.xml:12:5-41:19
24        android:allowBackup="true"
24-->src/main/AndroidManifest.xml:13:9-35
25        android:appComponentFactory="androidx.core.app.CoreComponentFactory"
25-->[androidx.core:core:1.3.1] AndroidManifest.xml:24:18-86
26        android:debuggable="true"
27        android:extractNativeLibs="false"
28        android:icon="@mipmap/ic_launcher"
28-->src/main/AndroidManifest.xml:14:9-43
29        android:label="@string/app_name"
29-->src/main/AndroidManifest.xml:15:9-41
30        android:roundIcon="@mipmap/ic_launcher_round"
30-->src/main/AndroidManifest.xml:16:9-54
31        android:supportsRtl="true"
31-->src/main/AndroidManifest.xml:17:9-35
32        android:theme="@style/AppTheme" >
32-->src/main/AndroidManifest.xml:18:9-40
33        <activity android:name="com.bits.smartassistant.signup" />
33-->src/main/AndroidManifest.xml:19:9-53
33-->src/main/AndroidManifest.xml:19:19-41
34        <activity android:name="com.bits.smartassistant.CaptureImage" />
34-->src/main/AndroidManifest.xml:20:9-50
34-->src/main/AndroidManifest.xml:20:19-47
35        <activity android:name="com.bits.smartassistant.login" />
35-->src/main/AndroidManifest.xml:21:9-43
35-->src/main/AndroidManifest.xml:21:19-40
36        <activity android:name="com.bits.smartassistant.fruit_list" />
36-->src/main/AndroidManifest.xml:22:9-48
36-->src/main/AndroidManifest.xml:22:19-45
37        <activity android:name="com.bits.smartassistant.DisplayImg" />
37-->src/main/AndroidManifest.xml:23:9-48
37-->src/main/AndroidManifest.xml:23:19-45
38        <activity android:name="com.bits.smartassistant.MainActivity" >
38-->src/main/AndroidManifest.xml:24:9-30:20
38-->src/main/AndroidManifest.xml:24:19-47
39            <intent-filter>
39-->src/main/AndroidManifest.xml:25:13-29:29
40                <action android:name="android.intent.action.MAIN" />
40-->src/main/AndroidManifest.xml:26:17-69
40-->src/main/AndroidManifest.xml:26:25-66
41
42                <category android:name="android.intent.category.LAUNCHER" />
42-->src/main/AndroidManifest.xml:28:17-77
42-->src/main/AndroidManifest.xml:28:27-74
43            </intent-filter>
44        </activity>
45
46        <provider
46-->src/main/AndroidManifest.xml:32:9-40:20
47            android:name="androidx.core.content.FileProvider"
47-->src/main/AndroidManifest.xml:33:13-62
48            android:authorities="com.bits.android.fileprovider"
48-->src/main/AndroidManifest.xml:34:13-64
49            android:exported="false"
49-->src/main/AndroidManifest.xml:35:13-37
50            android:grantUriPermissions="true" >
50-->src/main/AndroidManifest.xml:36:13-47
51            <meta-data
51-->src/main/AndroidManifest.xml:37:13-39:53
52                android:name="android.support.FILE_PROVIDER_PATHS"
52-->src/main/AndroidManifest.xml:38:17-67
53                android:resource="@xml/file_path" />
53-->src/main/AndroidManifest.xml:39:17-50
54        </provider>
55
56        <activity
56-->[com.google.firebase:firebase-auth:19.2.0] AndroidManifest.xml:24:9-31:50
57            android:name="com.google.firebase.auth.internal.FederatedSignInActivity"
57-->[com.google.firebase:firebase-auth:19.2.0] AndroidManifest.xml:25:13-85
58            android:excludeFromRecents="true"
58-->[com.google.firebase:firebase-auth:19.2.0] AndroidManifest.xml:26:13-46
59            android:exported="true"
59-->[com.google.firebase:firebase-auth:19.2.0] AndroidManifest.xml:27:13-36
60            android:launchMode="singleTask"
60-->[com.google.firebase:firebase-auth:19.2.0] AndroidManifest.xml:28:13-44
61            android:permission="com.google.firebase.auth.api.gms.permission.LAUNCH_FEDERATED_SIGN_IN"
61-->[com.google.firebase:firebase-auth:19.2.0] AndroidManifest.xml:29:13-102
62            android:theme="@android:style/Theme.Translucent.NoTitleBar" />
62-->[com.google.firebase:firebase-auth:19.2.0] AndroidManifest.xml:30:13-72
63
64        <service
64-->[com.google.firebase:firebase-auth:19.2.0] AndroidManifest.xml:33:9-39:19
65            android:name="com.google.firebase.components.ComponentDiscoveryService"
65-->[com.google.firebase:firebase-auth:19.2.0] AndroidManifest.xml:34:13-84
66            android:directBootAware="true"
66-->[com.google.firebase:firebase-common:20.1.0] AndroidManifest.xml:35:13-43
67            android:exported="false" >
67-->[com.google.firebase:firebase-auth:19.2.0] AndroidManifest.xml:35:13-37
68            <meta-data
68-->[com.google.firebase:firebase-auth:19.2.0] AndroidManifest.xml:36:13-38:85
69                android:name="com.google.firebase.components:com.google.firebase.auth.FirebaseAuthRegistrar"
69-->[com.google.firebase:firebase-auth:19.2.0] AndroidManifest.xml:37:17-109
70                android:value="com.google.firebase.components.ComponentRegistrar" />
70-->[com.google.firebase:firebase-auth:19.2.0] AndroidManifest.xml:38:17-82
71            <meta-data
71-->[com.google.firebase:firebase-database:20.0.4] AndroidManifest.xml:32:13-34:85
72                android:name="com.google.firebase.components:com.google.firebase.database.DatabaseRegistrar"
72-->[com.google.firebase:firebase-database:20.0.4] AndroidManifest.xml:33:17-109
73                android:value="com.google.firebase.components.ComponentRegistrar" />
73-->[com.google.firebase:firebase-database:20.0.4] AndroidManifest.xml:34:17-82
74        </service>
75
76        <provider
76-->[com.squareup.picasso:picasso:2.71828] AndroidManifest.xml:8:9-11:40
77            android:name="com.squareup.picasso.PicassoProvider"
77-->[com.squareup.picasso:picasso:2.71828] AndroidManifest.xml:9:13-64
78            android:authorities="com.bits.smartassistant.com.squareup.picasso"
78-->[com.squareup.picasso:picasso:2.71828] AndroidManifest.xml:10:13-72
79            android:exported="false" />
79-->[com.squareup.picasso:picasso:2.71828] AndroidManifest.xml:11:13-37
80
81        <activity
81-->[com.google.android.gms:play-services-base:18.0.1] AndroidManifest.xml:20:9-22:45
82            android:name="com.google.android.gms.common.api.GoogleApiActivity"
82-->[com.google.android.gms:play-services-base:18.0.1] AndroidManifest.xml:20:19-85
83            android:exported="false"
83-->[com.google.android.gms:play-services-base:18.0.1] AndroidManifest.xml:22:19-43
84            android:theme="@android:style/Theme.Translucent.NoTitleBar" />
84-->[com.google.android.gms:play-services-base:18.0.1] AndroidManifest.xml:21:19-78
85
86        <provider
86-->[com.google.firebase:firebase-common:20.1.0] AndroidManifest.xml:26:9-31:39
87            android:name="com.google.firebase.provider.FirebaseInitProvider"
87-->[com.google.firebase:firebase-common:20.1.0] AndroidManifest.xml:27:13-77
88            android:authorities="com.bits.smartassistant.firebaseinitprovider"
88-->[com.google.firebase:firebase-common:20.1.0] AndroidManifest.xml:28:13-72
89            android:directBootAware="true"
89-->[com.google.firebase:firebase-common:20.1.0] AndroidManifest.xml:29:13-43
90            android:exported="false"
90-->[com.google.firebase:firebase-common:20.1.0] AndroidManifest.xml:30:13-37
91            android:initOrder="100" />
91-->[com.google.firebase:firebase-common:20.1.0] AndroidManifest.xml:31:13-36
92
93        <meta-data
93-->[com.google.android.gms:play-services-basement:18.0.0] AndroidManifest.xml:21:9-23:69
94            android:name="com.google.android.gms.version"
94-->[com.google.android.gms:play-services-basement:18.0.0] AndroidManifest.xml:22:13-58
95            android:value="@integer/google_play_services_version" />
95-->[com.google.android.gms:play-services-basement:18.0.0] AndroidManifest.xml:23:13-66
96    </application>
97
98</manifest>